0 info it worked if it ends with ok
1 verbose cli [ 'C:\\Program Files\\nodejs\\node.exe',
1 verbose cli   'C:\\Program Files\\nodejs\\node_modules\\npm\\bin\\npm-cli.js',
1 verbose cli   'start' ]
2 info using npm@3.3.12
3 info using node@v5.3.0
4 verbose run-script [ 'prestart', 'start', 'poststart' ]
5 info lifecycle hmwk4@1.0.0~prestart: hmwk4@1.0.0
6 silly lifecycle hmwk4@1.0.0~prestart: no script for prestart, continuing
7 info lifecycle hmwk4@1.0.0~start: hmwk4@1.0.0
8 verbose lifecycle hmwk4@1.0.0~start: unsafe-perm in lifecycle true
9 verbose lifecycle hmwk4@1.0.0~start: PATH: C:\Program Files\nodejs\node_modules\npm\bin\node-gyp-bin;C:\Users\Zachary.TheBlackPearl\Desktop\430\Homework\Homework 4\node_modules\.bin;C:\Users\Zachary.TheBlackPearl\bin;C:\Program Files\Git\mingw64\bin;C:\Program Files\Git\usr\local\bin;C:\Program Files\Git\usr\bin;C:\Program Files\Git\usr\bin;C:\Program Files\Git\mingw64\bin;C:\Program Files\Git\usr\bin;C:\Users\Zachary.TheBlackPearl\bin;C:\ProgramData\Oracle\Java\javapath;C:\Program Files (x86)\Lenovo\FusionEngine;C:\Program Files (x86)\NVIDIA Corporation\PhysX\Common;C:\Program Files (x86)\Intel\iCLS Client;C:\Program Files\Intel\iCLS Client;C:\windows\system32;C:\windows;C:\windows\System32\Wbem;C:\windows\System32\WindowsPowerShell\v1.0;C:\Program Files\Intel\Intel(R) Management Engine Components\DAL;C:\Program Files\Intel\Intel(R) Management Engine Components\IPT;C:\Program Files (x86)\Intel\Intel(R) Management Engine Components\DAL;C:\Program Files (x86)\Intel\Intel(R) Management Engine Components\IPT;C:\Program Files (x86)\Lenovo\Motion Control;C:\Program Files (x86)\Common Files\lenovo\easyplussdk\bin;C:\Program Files\Intel\WiFi\bin;C:\Program Files\Common Files\Intel\WirelessCommon;C:\Program Files\nodejs;C:\Program Files (x86)\Skype\Phone;C:\Users\Zachary.TheBlackPearl\AppData\Roaming\npm;C:\Program Files\Git\usr\bin\vendor_perl;C:\Program Files\Git\usr\bin\core_perl
10 verbose lifecycle hmwk4@1.0.0~start: CWD: C:\Users\Zachary.TheBlackPearl\Desktop\430\Homework\Homework 4
11 silly lifecycle hmwk4@1.0.0~start: Args: [ '/d /s /c', 'node src/server.js' ]
12 silly lifecycle hmwk4@1.0.0~start: Returned: code: 1  signal: null
13 info lifecycle hmwk4@1.0.0~start: Failed to exec start script
14 verbose stack Error: hmwk4@1.0.0 start: `node src/server.js`
14 verbose stack Exit status 1
14 verbose stack     at EventEmitter.<anonymous> (C:\Program Files\nodejs\node_modules\npm\lib\utils\lifecycle.js:232:16)
14 verbose stack     at emitTwo (events.js:87:13)
14 verbose stack     at EventEmitter.emit (events.js:172:7)
14 verbose stack     at ChildProcess.<anonymous> (C:\Program Files\nodejs\node_modules\npm\lib\utils\spawn.js:24:14)
14 verbose stack     at emitTwo (events.js:87:13)
14 verbose stack     at ChildProcess.emit (events.js:172:7)
14 verbose stack     at maybeClose (internal/child_process.js:818:16)
14 verbose stack     at Process.ChildProcess._handle.onexit (internal/child_process.js:211:5)
15 verbose pkgid hmwk4@1.0.0
16 verbose cwd C:\Users\Zachary.TheBlackPearl\Desktop\430\Homework\Homework 4
17 error Windows_NT 6.3.9600
18 error argv "C:\\Program Files\\nodejs\\node.exe" "C:\\Program Files\\nodejs\\node_modules\\npm\\bin\\npm-cli.js" "start"
19 error node v5.3.0
20 error npm  v3.3.12
21 error code ELIFECYCLE
22 error hmwk4@1.0.0 start: `node src/server.js`
22 error Exit status 1
23 error Failed at the hmwk4@1.0.0 start script 'node src/server.js'.
23 error Make sure you have the latest version of node.js and npm installed.
23 error If you do, this is most likely a problem with the hmwk4 package,
23 error not with npm itself.
23 error Tell the author that this fails on your system:
23 error     node src/server.js
23 error You can get their info via:
23 error     npm owner ls hmwk4
23 error There is likely additional logging output above.
24 verbose exit [ 1, true ]
